<?xml version="1.0" encoding="UTF-8"?>
<!-- Generated by org.testng.reporters.JUnitReportReporter -->
<testsuite hostname="LAPTOP-O50F0RVV" failures="0" tests="1" name="com.swaglabs.testcases.TC_001Login" time="1.232" errors="0" timestamp="2022-06-15T19:32:45 IST" skipped="0">
  <testcase classname="com.swaglabs.testcases.TC_001Login" name="verifyLogin" time="1.232"/>
  <system-out/>
</testsuite> <!-- com.swaglabs.testcases.TC_001Login -->
