<?xml version="1.0" encoding="UTF-8"?>
<!-- Generated by org.testng.reporters.JUnitReportReporter -->
<testsuite hostname="LAPTOP-O50F0RVV" failures="0" tests="3" name="com.swaglabs.testcases.ProductAddToCart" time="1.685" errors="0" timestamp="2022-06-29T14:01:50 IST" skipped="0">
  <testcase classname="com.swaglabs.testcases.ProductAddToCart" name="verifyLogin" time="1.001"/>
  <system-out/>
  <testcase classname="com.swaglabs.testcases.ProductAddToCart" name="addToCart" time="0.402"/>
  <system-out/>
  <testcase classname="com.swaglabs.testcases.ProductAddToCart" name="priceSorting" time="0.282"/>
  <system-out/>
</testsuite> <!-- com.swaglabs.testcases.ProductAddToCart -->
