<?xml version="1.0" encoding="UTF-8"?>
<!-- Generated by org.testng.reporters.JUnitReportReporter -->
<testsuite hostname="LAPTOP-O50F0RVV" failures="0" tests="1" name="com.swaglabs.testcases.VerifyLinkdinButton" time="0.886" errors="0" timestamp="2022-06-29T14:01:50 IST" skipped="0">
  <testcase classname="com.swaglabs.testcases.VerifyLinkdinButton" name="linkdinbuttonverification" time="0.886"/>
  <system-out/>
</testsuite> <!-- com.swaglabs.testcases.VerifyLinkdinButton -->
